{"C:\\Users\\marie\\FUTUREPROOF\\LAP-1\\L1-Week-3\\Project-Anonymates\\anonymates-client\\script.js": {"path":"C:\\Users\\marie\\FUTUREPROOF\\LAP-1\\L1-Week-3\\Project-Anonymates\\anonymates-client\\script.js","statementMap":{"0":{"start":{"line":1,"column":13},"end":{"line":1,"column":50}},"1":{"start":{"line":4,"column":0},"end":{"line":36,"column":3}},"2":{"start":{"line":6,"column":1},"end":{"line":6,"column":20}},"3":{"start":{"line":8,"column":14},"end":{"line":8,"column":33}},"4":{"start":{"line":10,"column":15},"end":{"line":10,"column":35}},"5":{"start":{"line":12,"column":14},"end":{"line":12,"column":29}},"6":{"start":{"line":14,"column":13},"end":{"line":14,"column":56}},"7":{"start":{"line":16,"column":18},"end":{"line":16,"column":50}},"8":{"start":{"line":18,"column":16},"end":{"line":35,"column":35}},"9":{"start":{"line":29,"column":17},"end":{"line":29,"column":27}},"10":{"start":{"line":32,"column":3},"end":{"line":32,"column":68}},"11":{"start":{"line":35,"column":18},"end":{"line":35,"column":34}},"12":{"start":{"line":39,"column":22},"end":{"line":77,"column":1}},"13":{"start":{"line":41,"column":1},"end":{"line":76,"column":36}},"14":{"start":{"line":43,"column":17},"end":{"line":43,"column":27}},"15":{"start":{"line":46,"column":3},"end":{"line":73,"column":5}},"16":{"start":{"line":50,"column":16},"end":{"line":50,"column":45}},"17":{"start":{"line":51,"column":15},"end":{"line":51,"column":43}},"18":{"start":{"line":52,"column":15},"end":{"line":52,"column":42}},"19":{"start":{"line":55,"column":17},"end":{"line":55,"column":48}},"20":{"start":{"line":56,"column":4},"end":{"line":56,"column":69}},"21":{"start":{"line":57,"column":4},"end":{"line":57,"column":42}},"22":{"start":{"line":58,"column":4},"end":{"line":58,"column":44}},"23":{"start":{"line":59,"column":4},"end":{"line":59,"column":44}},"24":{"start":{"line":61,"column":4},"end":{"line":61,"column":30}},"25":{"start":{"line":62,"column":4},"end":{"line":62,"column":29}},"26":{"start":{"line":64,"column":4},"end":{"line":64,"column":24}},"27":{"start":{"line":65,"column":4},"end":{"line":65,"column":24}},"28":{"start":{"line":66,"column":4},"end":{"line":66,"column":26}},"29":{"start":{"line":70,"column":4},"end":{"line":72,"column":7}},"30":{"start":{"line":71,"column":5},"end":{"line":71,"column":64}},"31":{"start":{"line":76,"column":18},"end":{"line":76,"column":34}},"32":{"start":{"line":80,"column":12},"end":{"line":80,"column":42}},"33":{"start":{"line":81,"column":1},"end":{"line":81,"column":70}},"34":{"start":{"line":85,"column":0},"end":{"line":85,"column":16}}},"fnMap":{"0":{"name":"(anonymous_0)","decl":{"start":{"line":4,"column":32},"end":{"line":4,"column":33}},"loc":{"start":{"line":4,"column":45},"end":{"line":36,"column":1}},"line":4},"1":{"name":"(anonymous_1)","decl":{"start":{"line":29,"column":8},"end":{"line":29,"column":9}},"loc":{"start":{"line":29,"column":17},"end":{"line":29,"column":27}},"line":29},"2":{"name":"(anonymous_2)","decl":{"start":{"line":31,"column":8},"end":{"line":31,"column":9}},"loc":{"start":{"line":31,"column":17},"end":{"line":33,"column":3}},"line":31},"3":{"name":"(anonymous_3)","decl":{"start":{"line":35,"column":9},"end":{"line":35,"column":10}},"loc":{"start":{"line":35,"column":18},"end":{"line":35,"column":34}},"line":35},"4":{"name":"(anonymous_4)","decl":{"start":{"line":39,"column":22},"end":{"line":39,"column":23}},"loc":{"start":{"line":39,"column":34},"end":{"line":77,"column":1}},"line":39},"5":{"name":"(anonymous_5)","decl":{"start":{"line":43,"column":8},"end":{"line":43,"column":9}},"loc":{"start":{"line":43,"column":17},"end":{"line":43,"column":27}},"line":43},"6":{"name":"(anonymous_6)","decl":{"start":{"line":45,"column":8},"end":{"line":45,"column":9}},"loc":{"start":{"line":46,"column":3},"end":{"line":73,"column":5}},"line":46},"7":{"name":"(anonymous_7)","decl":{"start":{"line":46,"column":16},"end":{"line":46,"column":17}},"loc":{"start":{"line":46,"column":24},"end":{"line":73,"column":4}},"line":46},"8":{"name":"(anonymous_8)","decl":{"start":{"line":70,"column":34},"end":{"line":70,"column":35}},"loc":{"start":{"line":70,"column":41},"end":{"line":72,"column":5}},"line":70},"9":{"name":"(anonymous_9)","decl":{"start":{"line":76,"column":9},"end":{"line":76,"column":10}},"loc":{"start":{"line":76,"column":18},"end":{"line":76,"column":34}},"line":76},"10":{"name":"validateField","decl":{"start":{"line":79,"column":9},"end":{"line":79,"column":22}},"loc":{"start":{"line":79,"column":25},"end":{"line":82,"column":1}},"line":79}},"branchMap":{},"s":{"0":1,"1":1,"2":0,"3":0,"4":0,"5":0,"6":0,"7":0,"8":0,"9":0,"10":0,"11":0,"12":1,"13":1,"14":1,"15":0,"16":0,"17":0,"18":0,"19":0,"20":0,"21":0,"22":0,"23":0,"24":0,"25":0,"26":0,"27":0,"28":0,"29":0,"30":0,"31":1,"32":0,"33":0,"34":1},"f":{"0":0,"1":0,"2":0,"3":0,"4":1,"5":1,"6":0,"7":0,"8":0,"9":1,"10":0},"b":{},"_coverageSchema":"1a1c01bbd47fc00a2c39e90264f33305004495a9","hash":"b596be4fcdb060ceb09e0633a439d9c8335320ee"}
}
