TN:
SF:script.js
FN:4,(anonymous_0)
FN:29,(anonymous_1)
FN:31,(anonymous_2)
FN:35,(anonymous_3)
FN:39,(anonymous_4)
FN:43,(anonymous_5)
FN:45,(anonymous_6)
FN:46,(anonymous_7)
FN:70,(anonymous_8)
FN:76,(anonymous_9)
FN:79,validateField
FNF:11
FNH:3
FNDA:0,(anonymous_0)
FNDA:0,(anonymous_1)
FNDA:0,(anonymous_2)
FNDA:0,(anonymous_3)
FNDA:1,(anonymous_4)
FNDA:1,(anonymous_5)
FNDA:0,(anonymous_6)
FNDA:0,(anonymous_7)
FNDA:0,(anonymous_8)
FNDA:1,(anonymous_9)
FNDA:0,validateField
DA:1,1
DA:4,1
DA:6,0
DA:8,0
DA:10,0
DA:12,0
DA:14,0
DA:16,0
DA:18,0
DA:29,0
DA:32,0
DA:35,0
DA:39,1
DA:41,1
DA:43,1
DA:46,0
DA:50,0
DA:51,0
DA:52,0
DA:55,0
DA:56,0
DA:57,0
DA:58,0
DA:59,0
DA:61,0
DA:62,0
DA:64,0
DA:65,0
DA:66,0
DA:70,0
DA:71,0
DA:76,1
DA:80,0
DA:81,0
DA:85,1
LF:35
LH:7
BRF:0
BRH:0
end_of_record
